<?xml version="1.0" encoding="UTF-8"?>
<!-- Generated by org.testng.reporters.JUnitXMLReporter -->
<testsuite ignored="0" hostname="DESKTOP-J97DB0E" failures="1" tests="1" name="Test" time="0.115" errors="0" timestamp="2022-06-14T23:45:21 IST">
  <testcase classname="testclasses11.HomePageTest" name="titleValidation" time="0.038">
    <failure type="java.lang.AssertionError" message="expected [AgriChain – The Future of Agricultureeeee] but found [AgriChain – The Future of Agriculture]">
      <![CDATA[java.lang.AssertionError: expected [AgriChain – The Future of Agricultureeeee] but found [AgriChain – The Future of Agriculture]
at testclasses11.HomePageTest.titleValidation(HomePageTest.java:11)
at java.base/java.util.ArrayList.forEach(ArrayList.java:1511)
... Removed 33 stack frames]]>
    </failure>
  </testcase> <!-- titleValidation -->
</testsuite> <!-- Test -->
